<?xml version="1.0" encoding="UTF-8"?>
<!-- Generated by org.testng.reporters.JUnitReportReporter -->
<testsuite hostname="DESKTOP-PFU7AQF" failures="0" tests="1" name="tests.PostRestApi" time="2.030" errors="0" timestamp="2023-10-30T18:38:40 EET" skipped="0">
  <testcase classname="tests.PostRestApi" name="postRestApiTema" time="2.030"/>
</testsuite> <!-- tests.PostRestApi -->
